{"level":"info","message":"server started at localhost:3456"}
{"level":"info","message":"server started at localhost:3456"}
{"level":"info","message":"server started at localhost:3456"}
{"level":"info","message":"server started at localhost:3456"}
{"level":"info","message":"server started at localhost:3456"}
{"level":"info","message":"server started at localhost:3456"}
{"level":"info","message":"server started at localhost:3456"}
{"level":"info","message":"server started at localhost:3456"}
{"level":"info","message":"server started at localhost:3456"}
{"level":"info","message":"server started at localhost:3456"}
{"level":"info","message":"server started at localhost:3456"}
{"level":"info","message":"welcome to my blog"}
{"level":"info","message":"server started at localhost:3456"}
{"level":"info","message":"server started at localhost:3456"}
{"level":"info","message":"server started at localhost:3456"}
{"level":"info","message":"server started at localhost:3456"}
{"level":"error"}
{"level":"error"}
{"level":"info","message":"welcome to my blog"}
{"level":"error"}
{"level":"info","message":"server started at localhost:3456"}
{"level":"info","message":"server started at localhost:3456"}
{"level":"info","message":"server started at localhost:3456"}
{"level":"info","message":"server started at localhost:3456"}
{"level":"info","message":"server started at localhost:3456"}
{"level":"info","message":"server started at localhost:3456"}
{"level":"info","message":"server started at localhost:3456"}
{"level":"info","message":"server started at localhost:3456"}
{"level":"info","message":"server started at localhost:3456"}
{"level":"info","message":"server started at localhost:3456"}
{"level":"info","message":"server started at localhost:3456"}
{"level":"info","message":"server started at localhost:3456"}
{"level":"error"}
{"level":"info","message":"server started at localhost:3456"}
{"level":"info","message":"server started at localhost:3456"}
{"level":"info","message":"server started at localhost:3456"}
{"level":"info","message":"server started at localhost:3456"}
{"level":"info","message":"server started at localhost:3456"}
{"level":"info","message":"server started at localhost:3456"}
{"level":"info","message":"server started at localhost:3456"}
{"level":"info","message":"server started at localhost:3456"}
{"level":"info","message":"server started at localhost:3456"}
{"level":"info","message":"server started at localhost:3456"}
{"date":"Sun Jan 01 2023 21:50:29 GMT+0100 (West Africa Standard Time)","error":{},"exception":true,"level":"error","message":"uncaughtException: BlogSchema.createIndex is not a function\nTypeError: BlogSchema.createIndex is not a function\n    at Object.<anonymous> (/home/meekbill/Desktop/altschoool/practice/blogAPI/models/blog.Models.js:48:12)\n    at Module._compile (internal/modules/cjs/loader.js:1072:14)\n    at Object.Module._extensions..js (internal/modules/cjs/loader.js:1101:10)\n    at Module.load (internal/modules/cjs/loader.js:937:32)\n    at Function.Module._load (internal/modules/cjs/loader.js:778:12)\n    at Module.require (internal/modules/cjs/loader.js:961:19)\n    at require (internal/modules/cjs/helpers.js:92:18)\n    at Object.<anonymous> (/home/meekbill/Desktop/altschoool/practice/blogAPI/controllers/blog.Controllers.js:3:19)\n    at Module._compile (internal/modules/cjs/loader.js:1072:14)\n    at Object.Module._extensions..js (internal/modules/cjs/loader.js:1101:10)","os":{"loadavg":[0.38,0.93,0.76],"uptime":79615.45},"process":{"argv":["/usr/bin/node","/home/meekbill/Desktop/altschoool/practice/blogAPI/index.js"],"cwd":"/home/meekbill/Desktop/altschoool/practice/blogAPI","execPath":"/usr/bin/node","gid":1000,"memoryUsage":{"arrayBuffers":18450364,"external":20038797,"heapTotal":37093376,"heapUsed":22305000,"rss":77144064},"pid":13563,"uid":1000,"version":"v14.17.6"},"stack":"TypeError: BlogSchema.createIndex is not a function\n    at Object.<anonymous> (/home/meekbill/Desktop/altschoool/practice/blogAPI/models/blog.Models.js:48:12)\n    at Module._compile (internal/modules/cjs/loader.js:1072:14)\n    at Object.Module._extensions..js (internal/modules/cjs/loader.js:1101:10)\n    at Module.load (internal/modules/cjs/loader.js:937:32)\n    at Function.Module._load (internal/modules/cjs/loader.js:778:12)\n    at Module.require (internal/modules/cjs/loader.js:961:19)\n    at require (internal/modules/cjs/helpers.js:92:18)\n    at Object.<anonymous> (/home/meekbill/Desktop/altschoool/practice/blogAPI/controllers/blog.Controllers.js:3:19)\n    at Module._compile (internal/modules/cjs/loader.js:1072:14)\n    at Object.Module._extensions..js (internal/modules/cjs/loader.js:1101:10)","trace":[{"column":12,"file":"/home/meekbill/Desktop/altschoool/practice/blogAPI/models/blog.Models.js","function":null,"line":48,"method":null,"native":false},{"column":14,"file":"internal/modules/cjs/loader.js","function":"Module._compile","line":1072,"method":"_compile","native":false},{"column":10,"file":"internal/modules/cjs/loader.js","function":"Module._extensions..js","line":1101,"method":".js","native":false},{"column":32,"file":"internal/modules/cjs/loader.js","function":"Module.load","line":937,"method":"load","native":false},{"column":12,"file":"internal/modules/cjs/loader.js","function":"Module._load","line":778,"method":"_load","native":false},{"column":19,"file":"internal/modules/cjs/loader.js","function":"Module.require","line":961,"method":"require","native":false},{"column":18,"file":"internal/modules/cjs/helpers.js","function":"require","line":92,"method":null,"native":false},{"column":19,"file":"/home/meekbill/Desktop/altschoool/practice/blogAPI/controllers/blog.Controllers.js","function":null,"line":3,"method":null,"native":false},{"column":14,"file":"internal/modules/cjs/loader.js","function":"Module._compile","line":1072,"method":"_compile","native":false},{"column":10,"file":"internal/modules/cjs/loader.js","function":"Module._extensions..js","line":1101,"method":".js","native":false}]}
{"date":"Sun Jan 01 2023 21:52:28 GMT+0100 (West Africa Standard Time)","error":{},"exception":true,"level":"error","message":"uncaughtException: BlogSchema.createIndex is not a function\nTypeError: BlogSchema.createIndex is not a function\n    at Object.<anonymous> (/home/meekbill/Desktop/altschoool/practice/blogAPI/models/blog.Models.js:48:12)\n    at Module._compile (internal/modules/cjs/loader.js:1072:14)\n    at Object.Module._extensions..js (internal/modules/cjs/loader.js:1101:10)\n    at Module.load (internal/modules/cjs/loader.js:937:32)\n    at Function.Module._load (internal/modules/cjs/loader.js:778:12)\n    at Module.require (internal/modules/cjs/loader.js:961:19)\n    at require (internal/modules/cjs/helpers.js:92:18)\n    at Object.<anonymous> (/home/meekbill/Desktop/altschoool/practice/blogAPI/controllers/blog.Controllers.js:3:19)\n    at Module._compile (internal/modules/cjs/loader.js:1072:14)\n    at Object.Module._extensions..js (internal/modules/cjs/loader.js:1101:10)","os":{"loadavg":[1.07,0.96,0.79],"uptime":79734.37},"process":{"argv":["/usr/bin/node","/home/meekbill/Desktop/altschoool/practice/blogAPI/index.js"],"cwd":"/home/meekbill/Desktop/altschoool/practice/blogAPI","execPath":"/usr/bin/node","gid":1000,"memoryUsage":{"arrayBuffers":18728867,"external":20317300,"heapTotal":36048896,"heapUsed":26347440,"rss":75366400},"pid":13689,"uid":1000,"version":"v14.17.6"},"stack":"TypeError: BlogSchema.createIndex is not a function\n    at Object.<anonymous> (/home/meekbill/Desktop/altschoool/practice/blogAPI/models/blog.Models.js:48:12)\n    at Module._compile (internal/modules/cjs/loader.js:1072:14)\n    at Object.Module._extensions..js (internal/modules/cjs/loader.js:1101:10)\n    at Module.load (internal/modules/cjs/loader.js:937:32)\n    at Function.Module._load (internal/modules/cjs/loader.js:778:12)\n    at Module.require (internal/modules/cjs/loader.js:961:19)\n    at require (internal/modules/cjs/helpers.js:92:18)\n    at Object.<anonymous> (/home/meekbill/Desktop/altschoool/practice/blogAPI/controllers/blog.Controllers.js:3:19)\n    at Module._compile (internal/modules/cjs/loader.js:1072:14)\n    at Object.Module._extensions..js (internal/modules/cjs/loader.js:1101:10)","trace":[{"column":12,"file":"/home/meekbill/Desktop/altschoool/practice/blogAPI/models/blog.Models.js","function":null,"line":48,"method":null,"native":false},{"column":14,"file":"internal/modules/cjs/loader.js","function":"Module._compile","line":1072,"method":"_compile","native":false},{"column":10,"file":"internal/modules/cjs/loader.js","function":"Module._extensions..js","line":1101,"method":".js","native":false},{"column":32,"file":"internal/modules/cjs/loader.js","function":"Module.load","line":937,"method":"load","native":false},{"column":12,"file":"internal/modules/cjs/loader.js","function":"Module._load","line":778,"method":"_load","native":false},{"column":19,"file":"internal/modules/cjs/loader.js","function":"Module.require","line":961,"method":"require","native":false},{"column":18,"file":"internal/modules/cjs/helpers.js","function":"require","line":92,"method":null,"native":false},{"column":19,"file":"/home/meekbill/Desktop/altschoool/practice/blogAPI/controllers/blog.Controllers.js","function":null,"line":3,"method":null,"native":false},{"column":14,"file":"internal/modules/cjs/loader.js","function":"Module._compile","line":1072,"method":"_compile","native":false},{"column":10,"file":"internal/modules/cjs/loader.js","function":"Module._extensions..js","line":1101,"method":".js","native":false}]}
{"level":"info","message":"server started at localhost:3456"}
{"level":"info","message":"server started at localhost:3456"}
{"level":"info","message":"server started at localhost:3456"}
{"level":"info","message":"server started at localhost:3456"}
{"level":"info","message":"server started at localhost:3456"}
{"level":"info","message":"server started at localhost:3456"}
{"level":"info","message":"server started at localhost:3456"}
{"level":"info","message":"server started at localhost:3456"}
{"level":"info","message":"server started at localhost:3456"}
{"level":"info","message":"server started at localhost:3456"}
{"level":"info","message":"server started at localhost:3456"}
{"level":"info","message":"server started at localhost:3456"}
{"level":"info","message":"server started at localhost:3456"}
{"level":"info","message":"server started at localhost:3456"}
{"level":"info","message":"server started at localhost:3456"}
{"level":"info","message":"server started at localhost:3456"}
{"level":"info","message":"server started at localhost:3456"}
{"level":"info","message":"server started at localhost:3456"}
{"level":"info","message":"server started at localhost:3456"}
{"date":"Mon Jan 02 2023 00:00:46 GMT+0100 (West Africa Standard Time)","error":{},"exception":true,"level":"error","message":"uncaughtException: search is not defined\nReferenceError: search is not defined\n    at Object.<anonymous> (/home/meekbill/Desktop/altschoool/practice/blogAPI/controllers/blog.Controllers.js:220:5)\n    at Module._compile (internal/modules/cjs/loader.js:1072:14)\n    at Object.Module._extensions..js (internal/modules/cjs/loader.js:1101:10)\n    at Module.load (internal/modules/cjs/loader.js:937:32)\n    at Function.Module._load (internal/modules/cjs/loader.js:778:12)\n    at Module.require (internal/modules/cjs/loader.js:961:19)\n    at require (internal/modules/cjs/helpers.js:92:18)\n    at Object.<anonymous> (/home/meekbill/Desktop/altschoool/practice/blogAPI/routes/blog.route.js:6:24)\n    at Module._compile (internal/modules/cjs/loader.js:1072:14)\n    at Object.Module._extensions..js (internal/modules/cjs/loader.js:1101:10)","os":{"loadavg":[1.89,0.92,0.84],"uptime":87433},"process":{"argv":["/usr/bin/node","/home/meekbill/Desktop/altschoool/practice/blogAPI/index.js"],"cwd":"/home/meekbill/Desktop/altschoool/practice/blogAPI","execPath":"/usr/bin/node","gid":1000,"memoryUsage":{"arrayBuffers":18728938,"external":20317371,"heapTotal":35786752,"heapUsed":26365248,"rss":74985472},"pid":18402,"uid":1000,"version":"v14.17.6"},"stack":"ReferenceError: search is not defined\n    at Object.<anonymous> (/home/meekbill/Desktop/altschoool/practice/blogAPI/controllers/blog.Controllers.js:220:5)\n    at Module._compile (internal/modules/cjs/loader.js:1072:14)\n    at Object.Module._extensions..js (internal/modules/cjs/loader.js:1101:10)\n    at Module.load (internal/modules/cjs/loader.js:937:32)\n    at Function.Module._load (internal/modules/cjs/loader.js:778:12)\n    at Module.require (internal/modules/cjs/loader.js:961:19)\n    at require (internal/modules/cjs/helpers.js:92:18)\n    at Object.<anonymous> (/home/meekbill/Desktop/altschoool/practice/blogAPI/routes/blog.route.js:6:24)\n    at Module._compile (internal/modules/cjs/loader.js:1072:14)\n    at Object.Module._extensions..js (internal/modules/cjs/loader.js:1101:10)","trace":[{"column":5,"file":"/home/meekbill/Desktop/altschoool/practice/blogAPI/controllers/blog.Controllers.js","function":null,"line":220,"method":null,"native":false},{"column":14,"file":"internal/modules/cjs/loader.js","function":"Module._compile","line":1072,"method":"_compile","native":false},{"column":10,"file":"internal/modules/cjs/loader.js","function":"Module._extensions..js","line":1101,"method":".js","native":false},{"column":32,"file":"internal/modules/cjs/loader.js","function":"Module.load","line":937,"method":"load","native":false},{"column":12,"file":"internal/modules/cjs/loader.js","function":"Module._load","line":778,"method":"_load","native":false},{"column":19,"file":"internal/modules/cjs/loader.js","function":"Module.require","line":961,"method":"require","native":false},{"column":18,"file":"internal/modules/cjs/helpers.js","function":"require","line":92,"method":null,"native":false},{"column":24,"file":"/home/meekbill/Desktop/altschoool/practice/blogAPI/routes/blog.route.js","function":null,"line":6,"method":null,"native":false},{"column":14,"file":"internal/modules/cjs/loader.js","function":"Module._compile","line":1072,"method":"_compile","native":false},{"column":10,"file":"internal/modules/cjs/loader.js","function":"Module._extensions..js","line":1101,"method":".js","native":false}]}
{"date":"Mon Jan 02 2023 00:01:24 GMT+0100 (West Africa Standard Time)","error":{},"exception":true,"level":"error","message":"uncaughtException: Route.get() requires a callback function but got a [object Undefined]\nError: Route.get() requires a callback function but got a [object Undefined]\n    at Route.<computed> [as get] (/home/meekbill/Desktop/altschoool/practice/blogAPI/node_modules/express/lib/router/route.js:211:15)\n    at Function.proto.<computed> [as get] (/home/meekbill/Desktop/altschoool/practice/blogAPI/node_modules/express/lib/router/index.js:521:19)\n    at Object.<anonymous> (/home/meekbill/Desktop/altschoool/practice/blogAPI/routes/blog.route.js:24:12)\n    at Module._compile (internal/modules/cjs/loader.js:1072:14)\n    at Object.Module._extensions..js (internal/modules/cjs/loader.js:1101:10)\n    at Module.load (internal/modules/cjs/loader.js:937:32)\n    at Function.Module._load (internal/modules/cjs/loader.js:778:12)\n    at Module.require (internal/modules/cjs/loader.js:961:19)\n    at require (internal/modules/cjs/helpers.js:92:18)\n    at Object.<anonymous> (/home/meekbill/Desktop/altschoool/practice/blogAPI/index.js:13:20)","os":{"loadavg":[2.04,1.07,0.9],"uptime":87470.7},"process":{"argv":["/usr/bin/node","/home/meekbill/Desktop/altschoool/practice/blogAPI/index.js"],"cwd":"/home/meekbill/Desktop/altschoool/practice/blogAPI","execPath":"/usr/bin/node","gid":1000,"memoryUsage":{"arrayBuffers":18728941,"external":20317374,"heapTotal":36048896,"heapUsed":26437152,"rss":74973184},"pid":18448,"uid":1000,"version":"v14.17.6"},"stack":"Error: Route.get() requires a callback function but got a [object Undefined]\n    at Route.<computed> [as get] (/home/meekbill/Desktop/altschoool/practice/blogAPI/node_modules/express/lib/router/route.js:211:15)\n    at Function.proto.<computed> [as get] (/home/meekbill/Desktop/altschoool/practice/blogAPI/node_modules/express/lib/router/index.js:521:19)\n    at Object.<anonymous> (/home/meekbill/Desktop/altschoool/practice/blogAPI/routes/blog.route.js:24:12)\n    at Module._compile (internal/modules/cjs/loader.js:1072:14)\n    at Object.Module._extensions..js (internal/modules/cjs/loader.js:1101:10)\n    at Module.load (internal/modules/cjs/loader.js:937:32)\n    at Function.Module._load (internal/modules/cjs/loader.js:778:12)\n    at Module.require (internal/modules/cjs/loader.js:961:19)\n    at require (internal/modules/cjs/helpers.js:92:18)\n    at Object.<anonymous> (/home/meekbill/Desktop/altschoool/practice/blogAPI/index.js:13:20)","trace":[{"column":15,"file":"/home/meekbill/Desktop/altschoool/practice/blogAPI/node_modules/express/lib/router/route.js","function":"Route.<computed> [as get]","line":211,"method":"<computed> [as get]","native":false},{"column":19,"file":"/home/meekbill/Desktop/altschoool/practice/blogAPI/node_modules/express/lib/router/index.js","function":"Function.proto.<computed> [as get]","line":521,"method":"<computed> [as get]","native":false},{"column":12,"file":"/home/meekbill/Desktop/altschoool/practice/blogAPI/routes/blog.route.js","function":null,"line":24,"method":null,"native":false},{"column":14,"file":"internal/modules/cjs/loader.js","function":"Module._compile","line":1072,"method":"_compile","native":false},{"column":10,"file":"internal/modules/cjs/loader.js","function":"Module._extensions..js","line":1101,"method":".js","native":false},{"column":32,"file":"internal/modules/cjs/loader.js","function":"Module.load","line":937,"method":"load","native":false},{"column":12,"file":"internal/modules/cjs/loader.js","function":"Module._load","line":778,"method":"_load","native":false},{"column":19,"file":"internal/modules/cjs/loader.js","function":"Module.require","line":961,"method":"require","native":false},{"column":18,"file":"internal/modules/cjs/helpers.js","function":"require","line":92,"method":null,"native":false},{"column":20,"file":"/home/meekbill/Desktop/altschoool/practice/blogAPI/index.js","function":null,"line":13,"method":null,"native":false}]}
{"date":"Mon Jan 02 2023 00:01:57 GMT+0100 (West Africa Standard Time)","error":{},"exception":true,"level":"error","message":"uncaughtException: Route.get() requires a callback function but got a [object Undefined]\nError: Route.get() requires a callback function but got a [object Undefined]\n    at Route.<computed> [as get] (/home/meekbill/Desktop/altschoool/practice/blogAPI/node_modules/express/lib/router/route.js:211:15)\n    at Function.proto.<computed> [as get] (/home/meekbill/Desktop/altschoool/practice/blogAPI/node_modules/express/lib/router/index.js:521:19)\n    at Object.<anonymous> (/home/meekbill/Desktop/altschoool/practice/blogAPI/routes/blog.route.js:24:12)\n    at Module._compile (internal/modules/cjs/loader.js:1072:14)\n    at Object.Module._extensions..js (internal/modules/cjs/loader.js:1101:10)\n    at Module.load (internal/modules/cjs/loader.js:937:32)\n    at Function.Module._load (internal/modules/cjs/loader.js:778:12)\n    at Module.require (internal/modules/cjs/loader.js:961:19)\n    at require (internal/modules/cjs/helpers.js:92:18)\n    at Object.<anonymous> (/home/meekbill/Desktop/altschoool/practice/blogAPI/index.js:13:20)","os":{"loadavg":[1.63,1.06,0.9],"uptime":87503.36},"process":{"argv":["/usr/bin/node","/home/meekbill/Desktop/altschoool/practice/blogAPI/index.js"],"cwd":"/home/meekbill/Desktop/altschoool/practice/blogAPI","execPath":"/usr/bin/node","gid":1000,"memoryUsage":{"arrayBuffers":18405552,"external":19993985,"heapTotal":37621760,"heapUsed":22888712,"rss":76554240},"pid":18531,"uid":1000,"version":"v14.17.6"},"stack":"Error: Route.get() requires a callback function but got a [object Undefined]\n    at Route.<computed> [as get] (/home/meekbill/Desktop/altschoool/practice/blogAPI/node_modules/express/lib/router/route.js:211:15)\n    at Function.proto.<computed> [as get] (/home/meekbill/Desktop/altschoool/practice/blogAPI/node_modules/express/lib/router/index.js:521:19)\n    at Object.<anonymous> (/home/meekbill/Desktop/altschoool/practice/blogAPI/routes/blog.route.js:24:12)\n    at Module._compile (internal/modules/cjs/loader.js:1072:14)\n    at Object.Module._extensions..js (internal/modules/cjs/loader.js:1101:10)\n    at Module.load (internal/modules/cjs/loader.js:937:32)\n    at Function.Module._load (internal/modules/cjs/loader.js:778:12)\n    at Module.require (internal/modules/cjs/loader.js:961:19)\n    at require (internal/modules/cjs/helpers.js:92:18)\n    at Object.<anonymous> (/home/meekbill/Desktop/altschoool/practice/blogAPI/index.js:13:20)","trace":[{"column":15,"file":"/home/meekbill/Desktop/altschoool/practice/blogAPI/node_modules/express/lib/router/route.js","function":"Route.<computed> [as get]","line":211,"method":"<computed> [as get]","native":false},{"column":19,"file":"/home/meekbill/Desktop/altschoool/practice/blogAPI/node_modules/express/lib/router/index.js","function":"Function.proto.<computed> [as get]","line":521,"method":"<computed> [as get]","native":false},{"column":12,"file":"/home/meekbill/Desktop/altschoool/practice/blogAPI/routes/blog.route.js","function":null,"line":24,"method":null,"native":false},{"column":14,"file":"internal/modules/cjs/loader.js","function":"Module._compile","line":1072,"method":"_compile","native":false},{"column":10,"file":"internal/modules/cjs/loader.js","function":"Module._extensions..js","line":1101,"method":".js","native":false},{"column":32,"file":"internal/modules/cjs/loader.js","function":"Module.load","line":937,"method":"load","native":false},{"column":12,"file":"internal/modules/cjs/loader.js","function":"Module._load","line":778,"method":"_load","native":false},{"column":19,"file":"internal/modules/cjs/loader.js","function":"Module.require","line":961,"method":"require","native":false},{"column":18,"file":"internal/modules/cjs/helpers.js","function":"require","line":92,"method":null,"native":false},{"column":20,"file":"/home/meekbill/Desktop/altschoool/practice/blogAPI/index.js","function":null,"line":13,"method":null,"native":false}]}
{"date":"Mon Jan 02 2023 00:02:34 GMT+0100 (West Africa Standard Time)","error":{},"exception":true,"level":"error","message":"uncaughtException: Route.get() requires a callback function but got a [object Undefined]\nError: Route.get() requires a callback function but got a [object Undefined]\n    at Route.<computed> [as get] (/home/meekbill/Desktop/altschoool/practice/blogAPI/node_modules/express/lib/router/route.js:211:15)\n    at Function.proto.<computed> [as get] (/home/meekbill/Desktop/altschoool/practice/blogAPI/node_modules/express/lib/router/index.js:521:19)\n    at Object.<anonymous> (/home/meekbill/Desktop/altschoool/practice/blogAPI/routes/blog.route.js:24:12)\n    at Module._compile (internal/modules/cjs/loader.js:1072:14)\n    at Object.Module._extensions..js (internal/modules/cjs/loader.js:1101:10)\n    at Module.load (internal/modules/cjs/loader.js:937:32)\n    at Function.Module._load (internal/modules/cjs/loader.js:778:12)\n    at Module.require (internal/modules/cjs/loader.js:961:19)\n    at require (internal/modules/cjs/helpers.js:92:18)\n    at Object.<anonymous> (/home/meekbill/Desktop/altschoool/practice/blogAPI/index.js:13:20)","os":{"loadavg":[2.5,1.34,1],"uptime":87540.95},"process":{"argv":["/usr/bin/node","/home/meekbill/Desktop/altschoool/practice/blogAPI/index.js"],"cwd":"/home/meekbill/Desktop/altschoool/practice/blogAPI","execPath":"/usr/bin/node","gid":1000,"memoryUsage":{"arrayBuffers":18285433,"external":19873866,"heapTotal":55705600,"heapUsed":19634304,"rss":75997184},"pid":18651,"uid":1000,"version":"v14.17.6"},"stack":"Error: Route.get() requires a callback function but got a [object Undefined]\n    at Route.<computed> [as get] (/home/meekbill/Desktop/altschoool/practice/blogAPI/node_modules/express/lib/router/route.js:211:15)\n    at Function.proto.<computed> [as get] (/home/meekbill/Desktop/altschoool/practice/blogAPI/node_modules/express/lib/router/index.js:521:19)\n    at Object.<anonymous> (/home/meekbill/Desktop/altschoool/practice/blogAPI/routes/blog.route.js:24:12)\n    at Module._compile (internal/modules/cjs/loader.js:1072:14)\n    at Object.Module._extensions..js (internal/modules/cjs/loader.js:1101:10)\n    at Module.load (internal/modules/cjs/loader.js:937:32)\n    at Function.Module._load (internal/modules/cjs/loader.js:778:12)\n    at Module.require (internal/modules/cjs/loader.js:961:19)\n    at require (internal/modules/cjs/helpers.js:92:18)\n    at Object.<anonymous> (/home/meekbill/Desktop/altschoool/practice/blogAPI/index.js:13:20)","trace":[{"column":15,"file":"/home/meekbill/Desktop/altschoool/practice/blogAPI/node_modules/express/lib/router/route.js","function":"Route.<computed> [as get]","line":211,"method":"<computed> [as get]","native":false},{"column":19,"file":"/home/meekbill/Desktop/altschoool/practice/blogAPI/node_modules/express/lib/router/index.js","function":"Function.proto.<computed> [as get]","line":521,"method":"<computed> [as get]","native":false},{"column":12,"file":"/home/meekbill/Desktop/altschoool/practice/blogAPI/routes/blog.route.js","function":null,"line":24,"method":null,"native":false},{"column":14,"file":"internal/modules/cjs/loader.js","function":"Module._compile","line":1072,"method":"_compile","native":false},{"column":10,"file":"internal/modules/cjs/loader.js","function":"Module._extensions..js","line":1101,"method":".js","native":false},{"column":32,"file":"internal/modules/cjs/loader.js","function":"Module.load","line":937,"method":"load","native":false},{"column":12,"file":"internal/modules/cjs/loader.js","function":"Module._load","line":778,"method":"_load","native":false},{"column":19,"file":"internal/modules/cjs/loader.js","function":"Module.require","line":961,"method":"require","native":false},{"column":18,"file":"internal/modules/cjs/helpers.js","function":"require","line":92,"method":null,"native":false},{"column":20,"file":"/home/meekbill/Desktop/altschoool/practice/blogAPI/index.js","function":null,"line":13,"method":null,"native":false}]}
{"level":"info","message":"server started at localhost:3456"}
{"level":"info","message":"server started at localhost:3456"}
{"level":"info","message":"server started at localhost:3456"}
{"level":"info","message":"server started at localhost:3456"}
{"level":"info","message":"server started at localhost:3456"}
{"level":"info","message":"server started at localhost:3456"}
{"level":"info","message":"server started at localhost:3456"}
{"level":"info","message":"server started at localhost:3456"}
{"level":"info","message":"server started at localhost:3456"}
{"level":"info","message":"server started at localhost:3456"}
{"level":"info","message":"server started at localhost:3456"}
{"level":"info","message":"server started at localhost:3456"}
{"level":"info","message":"server started at localhost:3456"}
{"level":"info","message":"welcome to my blog"}
{"level":"info","message":"server started at localhost:3456"}
{"level":"error","message":"Cannot read property 'body' of undefined"}
{"level":"info","message":"server started at localhost:3456"}
{"level":"info","message":"server started at localhost:3456"}
{"level":"error","message":"Assignment to constant variable."}
{"level":"info","message":"server started at localhost:3456"}
{"level":"error","message":"Assignment to constant variable."}
{"level":"info","message":"server started at localhost:3456"}
{"level":"error","message":"body is not defined"}
{"level":"info","message":"server started at localhost:3456"}
{"level":"info","message":"server started at localhost:3456"}
{"level":"info","message":"server started at localhost:3456"}
{"level":"info","message":"server started at localhost:3456"}
{"level":"error","message":"read_count is not defined"}
{"level":"info","message":"server started at localhost:3456"}
